<?xml version="1.0" encoding="UTF-8" standalone="no"?>
<fileLog>
<createdFiles>
<entry name="jre\bin\instrument.dll" shared="false" uninstallMode="3"/>
<entry name="jre\bin\jfxwebkit.dll" shared="false" uninstallMode="3"/>
<entry name=".install4j\MessagesDefault" shared="false" uninstallMode="2"/>
<entry name="jre\Welcome.html" shared="false" uninstallMode="3"/>
<entry name="jre\lib\deploy\messages_zh_TW.properties" shared="false" uninstallMode="3"/>
<entry name="jre\lib\hijrah-config-umalqura.properties" shared="false" uninstallMode="3"/>
<entry name=".install4j\i4j_extf_0_6lqrnq.utf8" shared="false" uninstallMode="2"/>
<entry name="jre\lib\charsets.jar" shared="false" uninstallMode="3"/>
<entry name="jre\bin\jp2iexp.dll" shared="false" uninstallMode="3"/>
<entry name=".install4j\i4j_extf_2_6lqrnq.utf8" shared="false" uninstallMode="2"/>
<entry name=".install4j\i4j_extf_4_6lqrnq.utf8" shared="false" uninstallMode="2"/>
<entry name="jre\bin\jfr.dll" shared="false" uninstallMode="3"/>
<entry name="jre\lib\psfontj2d.properties" shared="false" uninstallMode="3"/>
<entry name="jre\lib\ext\access-bridge-64.jar" shared="false" uninstallMode="3"/>
<entry name="jre\lib\jfxswt.jar" shared="false" uninstallMode="3"/>
<entry name="jre\bin\jsoundds.dll" shared="false" uninstallMode="3"/>
<entry name="jre\lib\psfont.properties.ja" shared="false" uninstallMode="3"/>
<entry name="jre\lib\tzmappings" shared="false" uninstallMode="3"/>
<entry name=".install4j\i4j_extf_6_6lqrnq.utf8" shared="false" uninstallMode="2"/>
<entry name="jre\lib\fonts\LucidaSansDemiBold.ttf" shared="false" uninstallMode="3"/>
<entry name="jre\lib\resources.jar" shared="false" uninstallMode="3"/>
<entry name="jre\lib\images\cursors\win32_LinkDrop32x32.gif" shared="false" uninstallMode="3"/>
<entry name="jre\bin\jsdt.dll" shared="false" uninstallMode="3"/>
<entry name="jre\README.txt" shared="false" uninstallMode="3"/>
<entry name=".install4j\i4j_extf_12_6lqrnq_18gg8kx.png" shared="false" uninstallMode="2"/>
<entry name="computta.exe" shared="false" uninstallMode="0"/>
<entry name="jre\bin\lcms.dll" shared="false" uninstallMode="3"/>
<entry name="jre\bin\ssv.dll" shared="false" uninstallMode="3"/>
<entry name="jre\lib\jfr.jar" shared="false" uninstallMode="3"/>
<entry name=".install4j\i4j_extf_11_6lqrnq_be3o7l.png" shared="false" uninstallMode="2"/>
<entry name="jre\lib\deploy\messages_ja.properties" shared="false" uninstallMode="3"/>
<entry name="jre\bin\JAWTAccessBridge-64.dll" shared="false" uninstallMode="3"/>
<entry name="jre\bin\jfxmedia.dll" shared="false" uninstallMode="3"/>
<entry name="jre\bin\msvcr100.dll" shared="false" uninstallMode="3"/>
<entry name="jre\lib\deploy\messages_es.properties" shared="false" uninstallMode="3"/>
<entry name="jre\bin\gstreamer-lite.dll" shared="false" uninstallMode="3"/>
<entry name="jre\lib\i386\server\classes.jsa" shared="false" uninstallMode="0"/>
<entry name=".install4j\installation.log" shared="false" uninstallMode="0"/>
<entry name="computta.vmoptions" shared="false" uninstallMode="3"/>
<entry name="jre\bin\j2pkcs11.dll" shared="false" uninstallMode="3"/>
<entry name=".install4j\user.jar" shared="false" uninstallMode="2"/>
<entry name="jre\bin\fxplugins.dll" shared="false" uninstallMode="3"/>
<entry name="jre\lib\deploy\messages_de.properties" shared="false" uninstallMode="3"/>
<entry name="jre\bin\server\jvm.dll" shared="false" uninstallMode="3"/>
<entry name="jre\bin\jjs.exe" shared="false" uninstallMode="3"/>
<entry name="jre\THIRDPARTYLICENSEREADME.txt" shared="false" uninstallMode="3"/>
<entry name="jre\bin\hprof.dll" shared="false" uninstallMode="3"/>
<entry name="jre\bin\keytool.exe" shared="false" uninstallMode="3"/>
<entry name="jre\COPYRIGHT" shared="false" uninstallMode="3"/>
<entry name="jre\lib\deploy\splash@2x.gif" shared="false" uninstallMode="3"/>
<entry name="jre\bin\w2k_lsa_auth.dll" shared="false" uninstallMode="3"/>
<entry name="jre\lib\sparc\server\classes.jsa" shared="false" uninstallMode="0"/>
<entry name="jre\bin\klist.exe" shared="false" uninstallMode="3"/>
<entry name="jre\lib\fonts\LucidaBrightDemiBold.ttf" shared="false" uninstallMode="3"/>
<entry name=".install4j\i4jdel.exe" shared="false" uninstallMode="0"/>
<entry name="jre\bin\servertool.exe" shared="false" uninstallMode="3"/>
<entry name="jre\lib\i386\client\classes.jsa" shared="false" uninstallMode="0"/>
<entry name="jre\lib\ext\zipfs.jar" shared="false" uninstallMode="3"/>
<entry name="jre\lib\cmm\CIEXYZ.pf" shared="false" uninstallMode="3"/>
<entry name="jre\bin\jaas_nt.dll" shared="false" uninstallMode="3"/>
<entry name="jre\bin\dt_socket.dll" shared="false" uninstallMode="3"/>
<entry name="jre\lib\ext\sunpkcs11.jar" shared="false" uninstallMode="3"/>
<entry name="jre\lib\deploy\messages_ko.properties" shared="false" uninstallMode="3"/>
<entry name="jre\bin\glass.dll" shared="false" uninstallMode="3"/>
<entry name=".install4j\i4jinst.dll" shared="false" uninstallMode="0"/>
<entry name="jre\bin\javafx_iio.dll" shared="false" uninstallMode="3"/>
<entry name="jre\bin\policytool.exe" shared="false" uninstallMode="3"/>
<entry name="jre\lib\logging.properties" shared="false" uninstallMode="3"/>
<entry name=".install4j\i4jruntime.jar" shared="false" uninstallMode="2"/>
<entry name="jre\bin\jp2launcher.exe" shared="false" uninstallMode="3"/>
<entry name="jre\bin\kinit.exe" shared="false" uninstallMode="3"/>
<entry name="jre\bin\ktab.exe" shared="false" uninstallMode="3"/>
<entry name="jre\THIRDPARTYLICENSEREADME-JAVAFX.txt" shared="false" uninstallMode="3"/>
<entry name="jre\lib\fonts\LucidaTypewriterRegular.ttf" shared="false" uninstallMode="3"/>
<entry name="jre\lib\tzdb.dat" shared="false" uninstallMode="3"/>
<entry name="jre\bin\server\classes.jsa" shared="false" uninstallMode="0"/>
<entry name="jre\bin\jli.dll" shared="false" uninstallMode="3"/>
<entry name="jre\lib\fonts\LucidaBrightDemiItalic.ttf" shared="false" uninstallMode="3"/>
<entry name="jre\bin\ssvagent.exe" shared="false" uninstallMode="3"/>
<entry name="jre\bin\javacpl.cpl" shared="false" uninstallMode="3"/>
<entry name=".install4j\i4j_extf_12_6lqrnq_18gg8kx@2x.png" shared="false" uninstallMode="2"/>
<entry name="jre\lib\meta-index" shared="false" uninstallMode="3"/>
<entry name="jre\lib\currency.data" shared="false" uninstallMode="3"/>
<entry name="jre\lib\ext\jfxrt.jar" shared="false" uninstallMode="3"/>
<entry name="jre\bin\wsdetect.dll" shared="false" uninstallMode="3"/>
<entry name="jre\lib\management\jmxremote.password.template" shared="false" uninstallMode="3"/>
<entry name=".install4j\installer.ico" shared="false" uninstallMode="2"/>
<entry name="jre\bin\java_crw_demo.dll" shared="false" uninstallMode="3"/>
<entry name="jre\lib\fonts\LucidaSansRegular.ttf" shared="false" uninstallMode="3"/>
<entry name="jre\lib\jsse.jar" shared="false" uninstallMode="3"/>
<entry name="jre\lib\security\cacerts" shared="false" uninstallMode="3"/>
<entry name="jre\bin\prism_d3d.dll" shared="false" uninstallMode="3"/>
<entry name="jre\lib\deploy\ffjcext.zip" shared="false" uninstallMode="3"/>
<entry name="jre\bin\eula.dll" shared="false" uninstallMode="3"/>
<entry name="jre\lib\security\javaws.policy" shared="false" uninstallMode="3"/>
<entry name="jre\lib\deploy\splash.gif" shared="false" uninstallMode="3"/>
<entry name="jre\lib\security\blacklisted.certs" shared="false" uninstallMode="3"/>
<entry name="jre\lib\ext\localedata.jar" shared="false" uninstallMode="3"/>
<entry name="jre\lib\fonts\LucidaBrightRegular.ttf" shared="false" uninstallMode="3"/>
<entry name="jre\bin\sunmscapi.dll" shared="false" uninstallMode="3"/>
<entry name="jre\lib\deploy.jar" shared="false" uninstallMode="3"/>
<entry name="jre\lib\accessibility.properties" shared="false" uninstallMode="3"/>
<entry name="jre\bin\java-rmi.exe" shared="false" uninstallMode="3"/>
<entry name="jre\bin\kcms.dll" shared="false" uninstallMode="3"/>
<entry name="jre\bin\java.exe" shared="false" uninstallMode="3"/>
<entry name="jre\bin\j2pcsc.dll" shared="false" uninstallMode="3"/>
<entry name="jre\lib\cmm\PYCC.pf" shared="false" uninstallMode="3"/>
<entry name="jre\lib\deploy\messages_pt_BR.properties" shared="false" uninstallMode="3"/>
<entry name="jre\lib\cmm\sRGB.pf" shared="false" uninstallMode="3"/>
<entry name="C:\ProgramData\Microsoft\Windows\Start Menu\Programs\Computta\Computta 卸载程序.lnk" shared="false" uninstallMode="2"/>
<entry name="jre\lib\deploy\messages_zh_CN.properties" shared="false" uninstallMode="3"/>
<entry name="jre\bin\jabswitch.exe" shared="false" uninstallMode="3"/>
<entry name="jre\bin\resource.dll" shared="false" uninstallMode="3"/>
<entry name="jre\lib\security\java.policy" shared="false" uninstallMode="3"/>
<entry name=".install4j\i4j_extf_1_6lqrnq.utf8" shared="false" uninstallMode="2"/>
<entry name="jre\lib\jfr\profile.jfc" shared="false" uninstallMode="3"/>
<entry name="jre\bin\glib-lite.dll" shared="false" uninstallMode="3"/>
<entry name="jre\release" shared="false" uninstallMode="3"/>
<entry name=".install4j\i4j_extf_3_6lqrnq.utf8" shared="false" uninstallMode="2"/>
<entry name=".install4j\i4j_extf_7_6lqrnq.utf8" shared="false" uninstallMode="2"/>
<entry name="jre\bin\javacpl.exe" shared="false" uninstallMode="3"/>
<entry name="jre\lib\fontconfig.properties.src" shared="false" uninstallMode="3"/>
<entry name="jre\lib\ext\sunec.jar" shared="false" uninstallMode="3"/>
<entry name="jre\lib\images\cursors\win32_CopyDrop32x32.gif" shared="false" uninstallMode="3"/>
<entry name="jre\lib\cmm\GRAY.pf" shared="false" uninstallMode="3"/>
<entry name="jre\lib\security\US_export_policy.jar" shared="false" uninstallMode="3"/>
<entry name="jre\lib\fontconfig.bfc" shared="false" uninstallMode="3"/>
<entry name=".install4j\i4j_extf_5_6lqrnq.utf8" shared="false" uninstallMode="2"/>
<entry name="jre\bin\sunec.dll" shared="false" uninstallMode="3"/>
<entry name=".install4j\inst_jre.cfg" shared="false" uninstallMode="0"/>
<entry name="C:\ProgramData\Microsoft\Windows\Start Menu\Programs\Computta\computta.lnk" shared="false" uninstallMode="2"/>
<entry name="jre\bin\fontmanager.dll" shared="false" uninstallMode="3"/>
<entry name="jre\lib\ext\jaccess.jar" shared="false" uninstallMode="3"/>
<entry name="jre\lib\amd64\client\classes.jsa" shared="false" uninstallMode="0"/>
<entry name="jre\bin\jawt.dll" shared="false" uninstallMode="3"/>
<entry name=".install4j\stats.properties" shared="false" uninstallMode="2"/>
<entry name="jre\bin\deploy.dll" shared="false" uninstallMode="3"/>
<entry name="jre\lib\deploy\messages_sv.properties" shared="false" uninstallMode="3"/>
<entry name="jre\lib\flavormap.properties" shared="false" uninstallMode="3"/>
<entry name="jre\lib\deploy\messages_zh_HK.properties" shared="false" uninstallMode="3"/>
<entry name=".install4j\autoUninstall.1" shared="false" uninstallMode="0"/>
<entry name="jre\lib\ext\cldrdata.jar" shared="false" uninstallMode="3"/>
<entry name="jre\bin\javaw.exe" shared="false" uninstallMode="3"/>
<entry name="jre\bin\nio.dll" shared="false" uninstallMode="3"/>
<entry name="jre\lib\ext\sunmscapi.jar" shared="false" uninstallMode="3"/>
<entry name="jre\bin\jsound.dll" shared="false" uninstallMode="3"/>
<entry name="jre\bin\msvcp120.dll" shared="false" uninstallMode="3"/>
<entry name="jre\bin\rmid.exe" shared="false" uninstallMode="3"/>
<entry name="jre\bin\unpack.dll" shared="false" uninstallMode="3"/>
<entry name="jre\lib\ext\dnsns.jar" shared="false" uninstallMode="3"/>
<entry name="jre\lib\images\cursors\win32_MoveNoDrop32x32.gif" shared="false" uninstallMode="3"/>
<entry name="jre\lib\classlist" shared="false" uninstallMode="3"/>
<entry name="jre\lib\javafx.properties" shared="false" uninstallMode="3"/>
<entry name="jre\bin\rmiregistry.exe" shared="false" uninstallMode="3"/>
<entry name="jre\lib\jfr\default.jfc" shared="false" uninstallMode="3"/>
<entry name="jre\bin\awt.dll" shared="false" uninstallMode="3"/>
<entry name="jre\lib\ext\nashorn.jar" shared="false" uninstallMode="3"/>
<entry name="jre\lib\deploy\splash_11@2x-lic.gif" shared="false" uninstallMode="3"/>
<entry name=".install4j\i4j_extf_9_6lqrnq_zug63n.png" shared="false" uninstallMode="2"/>
<entry name="jre\lib\images\cursors\invalid32x32.gif" shared="false" uninstallMode="3"/>
<entry name="jre\lib\deploy\messages.properties" shared="false" uninstallMode="3"/>
<entry name="jre\bin\orbd.exe" shared="false" uninstallMode="3"/>
<entry name="jre\lib\content-types.properties" shared="false" uninstallMode="3"/>
<entry name="jre\bin\decora_sse.dll" shared="false" uninstallMode="3"/>
<entry name="jre\lib\images\cursors\win32_LinkNoDrop32x32.gif" shared="false" uninstallMode="3"/>
<entry name="jre\lib\deploy\messages_it.properties" shared="false" uninstallMode="3"/>
<entry name="jre\lib\management\snmp.acl.template" shared="false" uninstallMode="3"/>
<entry name="jre\lib\rt.jar" shared="false" uninstallMode="3"/>
<entry name=".install4j\Starter.exe" shared="false" uninstallMode="0"/>
<entry name="jre\bin\javafx_font_t2k.dll" shared="false" uninstallMode="3"/>
<entry name="jre\lib\amd64\jvm.cfg" shared="false" uninstallMode="3"/>
<entry name="jre\bin\WindowsAccessBridge-64.dll" shared="false" uninstallMode="3"/>
<entry name="jre\lib\management\jmxremote.access" shared="false" uninstallMode="3"/>
<entry name="jre\lib\images\cursors\win32_MoveDrop32x32.gif" shared="false" uninstallMode="3"/>
<entry name="jre\lib\jce.jar" shared="false" uninstallMode="3"/>
<entry name="jre\bin\client\classes.jsa" shared="false" uninstallMode="0"/>
<entry name="jre\lib\amd64\server\classes.jsa" shared="false" uninstallMode="0"/>
<entry name=".install4j\install.prop" shared="false" uninstallMode="0"/>
<entry name="jre\bin\jp2ssv.dll" shared="false" uninstallMode="3"/>
<entry name="jre\lib\sparc\client\classes.jsa" shared="false" uninstallMode="0"/>
<entry name="jre\bin\server\Xusage.txt" shared="false" uninstallMode="3"/>
<entry name="yuan-client-all.jar" shared="false" uninstallMode="0"/>
<entry name="jre\lib\images\cursors\cursors.properties" shared="false" uninstallMode="3"/>
<entry name="jre\lib\security\blacklist" shared="false" uninstallMode="3"/>
<entry name="jre\lib\fonts\LucidaTypewriterBold.ttf" shared="false" uninstallMode="3"/>
<entry name="jre\lib\jvm.hprof.txt" shared="false" uninstallMode="3"/>
<entry name="jre\bin\zip.dll" shared="false" uninstallMode="3"/>
<entry name="jre\bin\management.dll" shared="false" uninstallMode="3"/>
<entry name="jre\bin\java.dll" shared="false" uninstallMode="3"/>
<entry name="jre\lib\management\management.properties" shared="false" uninstallMode="3"/>
<entry name="jre\bin\dt_shmem.dll" shared="false" uninstallMode="3"/>
<entry name="jre\bin\mlib_image.dll" shared="false" uninstallMode="3"/>
<entry name="jre\bin\npt.dll" shared="false" uninstallMode="3"/>
<entry name="jre\lib\plugin.jar" shared="false" uninstallMode="3"/>
<entry name="jre\lib\images\cursors\win32_CopyNoDrop32x32.gif" shared="false" uninstallMode="3"/>
<entry name="jre\bin\prism_common.dll" shared="false" uninstallMode="3"/>
<entry name="jre\lib\deploy\messages_fr.properties" shared="false" uninstallMode="3"/>
<entry name="jre\lib\security\local_policy.jar" shared="false" uninstallMode="3"/>
<entry name="jre\bin\net.dll" shared="false" uninstallMode="3"/>
<entry name=".install4j\i4j_extf_8_6lqrnq_jwj7wt.png" shared="false" uninstallMode="2"/>
<entry name="jre\bin\prism_sw.dll" shared="false" uninstallMode="3"/>
<entry name="jre\LICENSE" shared="false" uninstallMode="3"/>
<entry name="jre\bin\splashscreen.dll" shared="false" uninstallMode="3"/>
<entry name="jre\bin\verify.dll" shared="false" uninstallMode="3"/>
<entry name="jre\bin\tnameserv.exe" shared="false" uninstallMode="3"/>
<entry name="jre\lib\security\trusted.libraries" shared="false" uninstallMode="3"/>
<entry name=".install4j\i4jparams.conf" shared="false" uninstallMode="2"/>
<entry name=".install4j\i4j_extf_10_6lqrnq_15y6403.png" shared="false" uninstallMode="2"/>
<entry name="jre\bin\javafx_font.dll" shared="false" uninstallMode="3"/>
<entry name="jre\bin\t2k.dll" shared="false" uninstallMode="3"/>
<entry name="jre\lib\fonts\LucidaBrightItalic.ttf" shared="false" uninstallMode="3"/>
<entry name="jre\bin\JavaAccessBridge-64.dll" shared="false" uninstallMode="3"/>
<entry name="jre\bin\dcpr.dll" shared="false" uninstallMode="3"/>
<entry name="uninstall.exe" shared="false" uninstallMode="0"/>
<entry name="jre\lib\ext\sunjce_provider.jar" shared="false" uninstallMode="3"/>
<entry name="jre\bin\bci.dll" shared="false" uninstallMode="3"/>
<entry name=".install4j\pref_jre.cfg" shared="false" uninstallMode="0"/>
<entry name="jre\bin\msvcr120.dll" shared="false" uninstallMode="3"/>
<entry name="jre\bin\pack200.exe" shared="false" uninstallMode="3"/>
<entry name="jre\bin\unpack200.exe" shared="false" uninstallMode="3"/>
<entry name="jre\bin\jp2native.dll" shared="false" uninstallMode="3"/>
<entry name="jre\lib\management-agent.jar" shared="false" uninstallMode="3"/>
<entry name="jre\bin\jdwp.dll" shared="false" uninstallMode="3"/>
<entry name="jre\lib\calendars.properties" shared="false" uninstallMode="3"/>
<entry name=".install4j\response.varfile" shared="false" uninstallMode="0"/>
<entry name="jre\bin\jpeg.dll" shared="false" uninstallMode="3"/>
<entry name="jre\lib\deploy\splash_11-lic.gif" shared="false" uninstallMode="3"/>
<entry name="jre\lib\cmm\LINEAR_RGB.pf" shared="false" uninstallMode="3"/>
<entry name="jre\lib\ext\meta-index" shared="false" uninstallMode="3"/>
<entry name="jre\lib\security\java.security" shared="false" uninstallMode="3"/>
<entry name="jre\lib\sound.properties" shared="false" uninstallMode="3"/>
<entry name="jre\lib\net.properties" shared="false" uninstallMode="3"/>
</createdFiles>
<createdDirs>
<entry name="jre\lib\security" shared="false" uninstallMode="3"/>
<entry name="jre\lib\management" shared="false" uninstallMode="3"/>
<entry name="jre\lib\jfr" shared="false" uninstallMode="3"/>
<entry name="jre\lib\images\cursors" shared="false" uninstallMode="3"/>
<entry name="jre\lib\images" shared="false" uninstallMode="3"/>
<entry name="jre\lib\fonts" shared="false" uninstallMode="3"/>
<entry name="jre\lib\ext" shared="false" uninstallMode="3"/>
<entry name="jre\lib\deploy" shared="false" uninstallMode="3"/>
<entry name="jre\lib\cmm" shared="false" uninstallMode="3"/>
<entry name="jre\lib\applet" shared="false" uninstallMode="3"/>
<entry name="jre\lib\amd64" shared="false" uninstallMode="3"/>
<entry name="jre\lib" shared="false" uninstallMode="3"/>
<entry name="jre\bin\server" shared="false" uninstallMode="3"/>
<entry name="jre\bin" shared="false" uninstallMode="3"/>
<entry name="jre" shared="false" uninstallMode="3"/>
<entry name=".install4j" shared="false" uninstallMode="0"/>
<entry name="." shared="false" uninstallMode="0"/>
<entry name="C:\ProgramData\Microsoft\Windows\Start Menu\Programs\Computta" shared="false" uninstallMode="0"/>
</createdDirs>
</fileLog>
