[INFO] logger started at Thu Oct 19 19:37:51 CST 2017
[INFO] executable name: C:\Users\Administrator\Downloads\Computta_windows-x64.exe
[INFO] install4j version: 7.0.2 (build 7058)
[INFO] Properties: 
-- listing properties --
java.runtime.name=Java(TM) SE Runtime Environment
exe4j.moduleName=C:\Users\Administrator\Downloads\Comp...
sun.boot.library.path=c:\users\admini~1\appdata\local\temp\...
exe4j.semaphoreName=Local\c:_users_administrator_download...
java.vm.version=25.144-b01
java.vm.vendor=Oracle Corporation
java.vendor.url=http://java.oracle.com/
path.separator=;
exe4j.consoleCodepage=cp0
java.vm.name=Java HotSpot(TM) 64-Bit Server VM
file.encoding.pkg=sun.io
user.script=
user.country=CN
sun.os.patch.level=Service Pack 1
install4j.exeDir=C:\Users\Administrator\Downloads\
java.vm.specification.name=Java Virtual Machine Specification
user.dir=C:\Users\ADMINI~1\AppData\Local\Temp\...
java.runtime.version=1.8.0_144-b01
java.awt.graphicsenv=sun.awt.Win32GraphicsEnvironment
java.endorsed.dirs=c:\users\admini~1\appdata\local\temp\...
os.arch=amd64
java.io.tmpdir=C:\Users\ADMINI~1\AppData\Local\Temp\
line.separator=

java.vm.specification.vendor=Oracle Corporation
user.variant=
exe4j.tempDir=C:\Users\ADMINI~1\AppData\Local\Temp\...
os.name=Windows 7
sun.java2d.noddraw=true
sun.jnu.encoding=GBK
java.library.path=C:\Users\ADMINI~1\AppData\Local\Temp\...
sun.awt.enableExtraMouseButtons=true
java.specification.name=Java Platform API Specification
java.class.version=52.0
sun.management.compiler=HotSpot 64-Bit Tiered Compilers
exe4j.isInstall4j=true
os.version=6.1
user.home=C:\Users\Administrator
user.timezone=Asia/Shanghai
java.awt.printerjob=sun.awt.windows.WPrinterJob
java.specification.version=1.8
file.encoding=GBK
user.name=Administrator
java.class.path=C:\Users\ADMINI~1\AppData\Local\Temp\...
java.vm.specification.version=1.8
sun.arch.data.model=64
java.home=c:\users\admini~1\appdata\local\temp\...
sun.java.command=C:\Users\Administrator\Downloads\Comp...
exe4j.launchName=C:\Users\Administrator\Downloads\Comp...
java.specification.vendor=Oracle Corporation
user.language=zh
awt.toolkit=sun.awt.windows.WToolkit
java.vm.info=mixed mode
exe4j.unextractedPosition=42829881
java.version=1.8.0_144
java.ext.dirs=c:\users\admini~1\appdata\local\temp\...
sun.boot.class.path=c:\users\admini~1\appdata\local\temp\...
java.vendor=Oracle Corporation
install4j.appDir=C:\Users\Administrator\AppData\Local\...
file.separator=\
java.vendor.url.bug=http://bugreport.sun.com/bugreport/
sun.cpu.endian=little
sun.io.unicode.encoding=UnicodeLittle
sun.desktop=windows
sun.cpu.isalist=amd64
[INFO] Variable changed: sys.resolveUserSpecificInstallationDir=false[class java.lang.String]
[INFO] System language 'zh'
[INFO] System locale 'zh_CN'
[INFO] com.install4j.runtime.beans.actions.misc.RequestPrivilegesAction [ID 13]: Execute action
       Property allRequested: false
       Property failIfNotObtainedMac: true
       Property failIfNotObtainedWin: true
       Property failIfNotRootUnix: false
       Property obtainIfAdminMac: false
       Property obtainIfAdminWin: true
       Property obtainIfNormalMac: false
       Property obtainIfNormalWin: false
       Property rollbackSupported: false
       Property updateInstallationDirectory: true
       Execute action successful after 4 ms
[INFO] com.install4j.runtime.beans.screens.StartupScreen [ID 1]: command: move 1 screens, executing actions, checking condition
[INFO] com.install4j.runtime.beans.screens.WelcomeScreen [ID 2]: Show screen
[INFO] com.install4j.runtime.beans.screens.WelcomeScreen [ID 2]: command: move 1 screens, executing actions, checking condition
[INFO] com.install4j.runtime.beans.screens.InstallationDirectoryScreen [ID 4]: Show screen
       Variable changed: sys.installationDir=D:\computto\Computta[class java.lang.String]
       checking writable with maximum
[INFO] com.install4j.runtime.beans.actions.misc.LoadResponseFileAction [ID 5]: Execute action
       Property excludedVariables: [sys.installationDir]
       Property file: null
       Property overwriteStrategy: Do not overwrite command line
       Property registerForResponseFile: true
       Property rollbackSupported: true
       Response file D:\computto\Computta\.install4j\response.varfile does not exist
       Execute action successful after 9 ms
[INFO] com.install4j.runtime.beans.screens.InstallationDirectoryScreen [ID 4]: command: move 1 screens, executing actions, checking condition
[INFO] com.install4j.runtime.beans.screens.StandardProgramGroupScreen [ID 7]: Show screen
       Variable changed: sys.programGroupName=Computta[class java.lang.String]
       Variable changed: sys.programGroupDisabled=false[class java.lang.Boolean]
       Variable changed: sys.programGroupAllUsers=true[class java.lang.Boolean]
[INFO] com.install4j.runtime.beans.screens.StandardProgramGroupScreen [ID 7]: command: move 1 screens, executing actions, checking condition
[INFO] com.install4j.runtime.beans.screens.InstallationScreen [ID 8]: Show screen
[INFO] com.install4j.runtime.beans.actions.InstallFilesAction [ID 9]: Execute action
       Property directoryResolverScript: null
       Property fileFilterScript: null
       Property sizeCalculatorScript: null
       Property checkFreeSpace: true
       Property delay: false
       Property installRuntime: true
       Property rollbackSupported: true
       Property saveDownloadedFiles: false
       Property showFileNames: true
       Property triggerReboot: true
       Property updateBundledJre: true
       Property validateApplicationId: false
       Component Main[110]; Selected: true
       Install file: D:\computto\Computta\jre\bin\awt.dll; size: 1516608 bytes; exists: false
       File options set to: [fileTime: Thu Oct 19 19:37:05 CST 2017, mode: 644, overwriteMode: Always ask except for update, shared: false, uninstallMode: If created, but not for update, delayIfNecessary: false]
       Install file: D:\computto\Computta\jre\bin\bci.dll; size: 16960 bytes; exists: false
       Install file: D:\computto\Computta\jre\bin\dcpr.dll; size: 159808 bytes; exists: false
       Install file: D:\computto\Computta\jre\bin\decora_sse.dll; size: 86080 bytes; exists: false
       Install file: D:\computto\Computta\jre\bin\deploy.dll; size: 587840 bytes; exists: false
       Install file: D:\computto\Computta\jre\bin\dt_shmem.dll; size: 29760 bytes; exists: false
       Install file: D:\computto\Computta\jre\bin\dt_socket.dll; size: 24640 bytes; exists: false
       Install file: D:\computto\Computta\jre\bin\eula.dll; size: 136256 bytes; exists: false
       File options set to: [fileTime: Thu Oct 19 19:37:06 CST 2017, mode: 644, overwriteMode: Always ask except for update, shared: false, uninstallMode: If created, but not for update, delayIfNecessary: false]
       Install file: D:\computto\Computta\jre\bin\fontmanager.dll; size: 274496 bytes; exists: false
       Install file: D:\computto\Computta\jre\bin\fxplugins.dll; size: 186944 bytes; exists: false
       Install file: D:\computto\Computta\jre\bin\glass.dll; size: 265792 bytes; exists: false
       Install file: D:\computto\Computta\jre\bin\glib-lite.dll; size: 455744 bytes; exists: false
       Install file: D:\computto\Computta\jre\bin\gstreamer-lite.dll; size: 619584 bytes; exists: false
       Install file: D:\computto\Computta\jre\bin\hprof.dll; size: 158272 bytes; exists: false
       Install file: D:\computto\Computta\jre\bin\instrument.dll; size: 123456 bytes; exists: false
       Install file: D:\computto\Computta\jre\bin\j2pcsc.dll; size: 19008 bytes; exists: false
       Install file: D:\computto\Computta\jre\bin\j2pkcs11.dll; size: 63552 bytes; exists: false
       Install file: D:\computto\Computta\jre\bin\jaas_nt.dll; size: 21056 bytes; exists: false
       Install file: D:\computto\Computta\jre\bin\jabswitch.exe; size: 34368 bytes; exists: false
       Install file: D:\computto\Computta\jre\bin\java-rmi.exe; size: 15936 bytes; exists: false
       Install file: D:\computto\Computta\jre\bin\java.dll; size: 159808 bytes; exists: false
       Install file: D:\computto\Computta\jre\bin\java.exe; size: 206912 bytes; exists: false
       Install file: D:\computto\Computta\jre\bin\JavaAccessBridge-64.dll; size: 142400 bytes; exists: false
       Install file: D:\computto\Computta\jre\bin\javacpl.cpl; size: 187392 bytes; exists: false
       Install file: D:\computto\Computta\jre\bin\javacpl.exe; size: 80448 bytes; exists: false
       Install file: D:\computto\Computta\jre\bin\javafx_font.dll; size: 69184 bytes; exists: false
       Install file: D:\computto\Computta\jre\bin\javafx_font_t2k.dll; size: 538176 bytes; exists: false
       Install file: D:\computto\Computta\jre\bin\javafx_iio.dll; size: 128064 bytes; exists: false
       Install file: D:\computto\Computta\jre\bin\javaw.exe; size: 206912 bytes; exists: false
       Install file: D:\computto\Computta\jre\bin\java_crw_demo.dll; size: 29760 bytes; exists: false
       Install file: D:\computto\Computta\jre\bin\jawt.dll; size: 14400 bytes; exists: false
       Install file: D:\computto\Computta\jre\bin\JAWTAccessBridge-64.dll; size: 15424 bytes; exists: false
       File options set to: [fileTime: Thu Oct 19 19:37:07 CST 2017, mode: 644, overwriteMode: Always ask except for update, shared: false, uninstallMode: If created, but not for update, delayIfNecessary: false]
       Install file: D:\computto\Computta\jre\bin\jdwp.dll; size: 201792 bytes; exists: false
       Install file: D:\computto\Computta\jre\bin\jfr.dll; size: 26688 bytes; exists: false
       Install file: D:\computto\Computta\jre\bin\jfxmedia.dll; size: 139840 bytes; exists: false
       Install file: D:\computto\Computta\jre\bin\jfxwebkit.dll; size: 41503296 bytes; exists: false
       File options set to: [fileTime: Thu Oct 19 19:37:08 CST 2017, mode: 644, overwriteMode: Always ask except for update, shared: false, uninstallMode: If created, but not for update, delayIfNecessary: false]
       Install file: D:\computto\Computta\jre\bin\jjs.exe; size: 15936 bytes; exists: false
       Install file: D:\computto\Computta\jre\bin\jli.dll; size: 174656 bytes; exists: false
       Install file: D:\computto\Computta\jre\bin\jp2iexp.dll; size: 296000 bytes; exists: false
       Install file: D:\computto\Computta\jre\bin\jp2launcher.exe; size: 112192 bytes; exists: false
       Install file: D:\computto\Computta\jre\bin\jp2native.dll; size: 20032 bytes; exists: false
       Install file: D:\computto\Computta\jre\bin\jp2ssv.dll; size: 235584 bytes; exists: false
       Install file: D:\computto\Computta\jre\bin\jpeg.dll; size: 185920 bytes; exists: false
       Install file: D:\computto\Computta\jre\bin\jsdt.dll; size: 18496 bytes; exists: false
       File options set to: [fileTime: Thu Oct 19 19:37:09 CST 2017, mode: 644, overwriteMode: Always ask except for update, shared: false, uninstallMode: If created, but not for update, delayIfNecessary: false]
       Install file: D:\computto\Computta\jre\bin\jsound.dll; size: 35392 bytes; exists: false
       Install file: D:\computto\Computta\jre\bin\jsoundds.dll; size: 31296 bytes; exists: false
       Install file: D:\computto\Computta\jre\bin\kcms.dll; size: 220736 bytes; exists: false
       Install file: D:\computto\Computta\jre\bin\keytool.exe; size: 16448 bytes; exists: false
       Install file: D:\computto\Computta\jre\bin\kinit.exe; size: 16448 bytes; exists: false
       Install file: D:\computto\Computta\jre\bin\klist.exe; size: 16448 bytes; exists: false
       Install file: D:\computto\Computta\jre\bin\ktab.exe; size: 16448 bytes; exists: false
       Install file: D:\computto\Computta\jre\bin\lcms.dll; size: 233536 bytes; exists: false
       Install file: D:\computto\Computta\jre\bin\management.dll; size: 36928 bytes; exists: false
       Install file: D:\computto\Computta\jre\bin\mlib_image.dll; size: 653888 bytes; exists: false
       Install file: D:\computto\Computta\jre\bin\msvcp120.dll; size: 660128 bytes; exists: false
       Install file: D:\computto\Computta\jre\bin\msvcr100.dll; size: 829264 bytes; exists: false
       Install file: D:\computto\Computta\jre\bin\msvcr120.dll; size: 963232 bytes; exists: false
       Install file: D:\computto\Computta\jre\bin\net.dll; size: 96832 bytes; exists: false
       Install file: D:\computto\Computta\jre\bin\nio.dll; size: 60480 bytes; exists: false
       Install file: D:\computto\Computta\jre\bin\npt.dll; size: 19008 bytes; exists: false
       Install file: D:\computto\Computta\jre\bin\orbd.exe; size: 16448 bytes; exists: false
       Install file: D:\computto\Computta\jre\bin\pack200.exe; size: 16448 bytes; exists: false
       Install file: D:\computto\Computta\jre\bin\policytool.exe; size: 16448 bytes; exists: false
       Install file: D:\computto\Computta\jre\bin\prism_common.dll; size: 57408 bytes; exists: false
       Install file: D:\computto\Computta\jre\bin\prism_d3d.dll; size: 130624 bytes; exists: false
       Install file: D:\computto\Computta\jre\bin\prism_sw.dll; size: 97856 bytes; exists: false
       Install file: D:\computto\Computta\jre\bin\resource.dll; size: 15424 bytes; exists: false
       Install file: D:\computto\Computta\jre\bin\rmid.exe; size: 15936 bytes; exists: false
       Install file: D:\computto\Computta\jre\bin\rmiregistry.exe; size: 16448 bytes; exists: false
       Install file: D:\computto\Computta\jre\bin\server\jvm.dll; size: 8809536 bytes; exists: false
       Install file: D:\computto\Computta\jre\bin\server\Xusage.txt; size: 1423 bytes; exists: false
       Install file: D:\computto\Computta\jre\bin\servertool.exe; size: 16448 bytes; exists: false
       Install file: D:\computto\Computta\jre\bin\splashscreen.dll; size: 204864 bytes; exists: false
       Install file: D:\computto\Computta\jre\bin\ssv.dll; size: 571968 bytes; exists: false
       Install file: D:\computto\Computta\jre\bin\ssvagent.exe; size: 70208 bytes; exists: false
       Install file: D:\computto\Computta\jre\bin\sunec.dll; size: 135744 bytes; exists: false
       Install file: D:\computto\Computta\jre\bin\sunmscapi.dll; size: 31808 bytes; exists: false
       Install file: D:\computto\Computta\jre\bin\t2k.dll; size: 255040 bytes; exists: false
       Install file: D:\computto\Computta\jre\bin\tnameserv.exe; size: 16448 bytes; exists: false
       Install file: D:\computto\Computta\jre\bin\unpack.dll; size: 79936 bytes; exists: false
       Install file: D:\computto\Computta\jre\bin\unpack200.exe; size: 197184 bytes; exists: false
       Install file: D:\computto\Computta\jre\bin\verify.dll; size: 49216 bytes; exists: false
       Install file: D:\computto\Computta\jre\bin\w2k_lsa_auth.dll; size: 24128 bytes; exists: false
       Install file: D:\computto\Computta\jre\bin\WindowsAccessBridge-64.dll; size: 110144 bytes; exists: false
       Install file: D:\computto\Computta\jre\bin\wsdetect.dll; size: 192576 bytes; exists: false
       Install file: D:\computto\Computta\jre\bin\zip.dll; size: 77888 bytes; exists: false
       Install file: D:\computto\Computta\jre\COPYRIGHT; size: 3244 bytes; exists: false
       File options set to: [fileTime: Thu Oct 19 19:37:10 CST 2017, mode: 644, overwriteMode: Always ask except for update, shared: false, uninstallMode: If created, but not for update, delayIfNecessary: false]
       Install file: D:\computto\Computta\jre\lib\accessibility.properties; size: 149 bytes; exists: false
       Install file: D:\computto\Computta\jre\lib\amd64\jvm.cfg; size: 634 bytes; exists: false
       Install file: D:\computto\Computta\jre\lib\calendars.properties; size: 1378 bytes; exists: false
       Install file: D:\computto\Computta\jre\lib\charsets.jar; size: 3036922 bytes; exists: false
       File options set to: [fileTime: Thu Oct 19 19:37:18 CST 2017, mode: 644, overwriteMode: Always ask except for update, shared: false, uninstallMode: If created, but not for update, delayIfNecessary: false]
       Install file: D:\computto\Computta\jre\lib\classlist; size: 84355 bytes; exists: false
       File options set to: [fileTime: Thu Oct 19 19:37:10 CST 2017, mode: 644, overwriteMode: Always ask except for update, shared: false, uninstallMode: If created, but not for update, delayIfNecessary: false]
       Install file: D:\computto\Computta\jre\lib\cmm\CIEXYZ.pf; size: 51236 bytes; exists: false
       Install file: D:\computto\Computta\jre\lib\cmm\GRAY.pf; size: 632 bytes; exists: false
       Install file: D:\computto\Computta\jre\lib\cmm\LINEAR_RGB.pf; size: 1044 bytes; exists: false
       Install file: D:\computto\Computta\jre\lib\cmm\PYCC.pf; size: 274474 bytes; exists: false
       Install file: D:\computto\Computta\jre\lib\cmm\sRGB.pf; size: 3144 bytes; exists: false
       Install file: D:\computto\Computta\jre\lib\content-types.properties; size: 5548 bytes; exists: false
       Install file: D:\computto\Computta\jre\lib\currency.data; size: 4122 bytes; exists: false
       Install file: D:\computto\Computta\jre\lib\deploy\ffjcext.zip; size: 14156 bytes; exists: false
       Install file: D:\computto\Computta\jre\lib\deploy\messages.properties; size: 2860 bytes; exists: false
       Install file: D:\computto\Computta\jre\lib\deploy\messages_de.properties; size: 3306 bytes; exists: false
       Install file: D:\computto\Computta\jre\lib\deploy\messages_es.properties; size: 3600 bytes; exists: false
       Install file: D:\computto\Computta\jre\lib\deploy\messages_fr.properties; size: 3409 bytes; exists: false
       Install file: D:\computto\Computta\jre\lib\deploy\messages_it.properties; size: 3223 bytes; exists: false
       Install file: D:\computto\Computta\jre\lib\deploy\messages_ja.properties; size: 6349 bytes; exists: false
       Install file: D:\computto\Computta\jre\lib\deploy\messages_ko.properties; size: 5712 bytes; exists: false
       Install file: D:\computto\Computta\jre\lib\deploy\messages_pt_BR.properties; size: 3285 bytes; exists: false
       Install file: D:\computto\Computta\jre\lib\deploy\messages_sv.properties; size: 3409 bytes; exists: false
       Install file: D:\computto\Computta\jre\lib\deploy\messages_zh_CN.properties; size: 4072 bytes; exists: false
       Install file: D:\computto\Computta\jre\lib\deploy\messages_zh_HK.properties; size: 3752 bytes; exists: false
       Install file: D:\computto\Computta\jre\lib\deploy\messages_zh_TW.properties; size: 3752 bytes; exists: false
       Install file: D:\computto\Computta\jre\lib\deploy\splash.gif; size: 8590 bytes; exists: false
       Install file: D:\computto\Computta\jre\lib\deploy\splash@2x.gif; size: 15276 bytes; exists: false
       Install file: D:\computto\Computta\jre\lib\deploy\splash_11-lic.gif; size: 7805 bytes; exists: false
       Install file: D:\computto\Computta\jre\lib\deploy\splash_11@2x-lic.gif; size: 12250 bytes; exists: false
       Install file: D:\computto\Computta\jre\lib\deploy.jar; size: 5040094 bytes; exists: false
       File options set to: [fileTime: Thu Oct 19 19:37:19 CST 2017, mode: 644, overwriteMode: Always ask except for update, shared: false, uninstallMode: If created, but not for update, delayIfNecessary: false]
       Install file: D:\computto\Computta\jre\lib\ext\access-bridge-64.jar; size: 186941 bytes; exists: false
       File options set to: [fileTime: Thu Oct 19 19:37:27 CST 2017, mode: 644, overwriteMode: Always ask except for update, shared: false, uninstallMode: If created, but not for update, delayIfNecessary: false]
       Install file: D:\computto\Computta\jre\lib\ext\cldrdata.jar; size: 3837830 bytes; exists: false
       File options set to: [fileTime: Thu Oct 19 19:37:29 CST 2017, mode: 644, overwriteMode: Always ask except for update, shared: false, uninstallMode: If created, but not for update, delayIfNecessary: false]
       Install file: D:\computto\Computta\jre\lib\ext\dnsns.jar; size: 8150 bytes; exists: false
       Install file: D:\computto\Computta\jre\lib\ext\jaccess.jar; size: 43839 bytes; exists: false
       Install file: D:\computto\Computta\jre\lib\ext\jfxrt.jar; size: 18213520 bytes; exists: false
       File options set to: [fileTime: Thu Oct 19 19:37:30 CST 2017, mode: 644, overwriteMode: Always ask except for update, shared: false, uninstallMode: If created, but not for update, delayIfNecessary: false]
       Install file: D:\computto\Computta\jre\lib\ext\localedata.jar; size: 2204781 bytes; exists: false
       File options set to: [fileTime: Thu Oct 19 19:37:31 CST 2017, mode: 644, overwriteMode: Always ask except for update, shared: false, uninstallMode: If created, but not for update, delayIfNecessary: false]
       Install file: D:\computto\Computta\jre\lib\ext\meta-index; size: 1461 bytes; exists: false
       File options set to: [fileTime: Thu Oct 19 19:37:10 CST 2017, mode: 644, overwriteMode: Always ask except for update, shared: false, uninstallMode: If created, but not for update, delayIfNecessary: false]
       Install file: D:\computto\Computta\jre\lib\ext\nashorn.jar; size: 1982079 bytes; exists: false
       File options set to: [fileTime: Thu Oct 19 19:37:34 CST 2017, mode: 644, overwriteMode: Always ask except for update, shared: false, uninstallMode: If created, but not for update, delayIfNecessary: false]
       Install file: D:\computto\Computta\jre\lib\ext\sunec.jar; size: 42185 bytes; exists: false
       File options set to: [fileTime: Thu Oct 19 19:37:10 CST 2017, mode: 644, overwriteMode: Always ask except for update, shared: false, uninstallMode: If created, but not for update, delayIfNecessary: false]
       Install file: D:\computto\Computta\jre\lib\ext\sunjce_provider.jar; size: 280161 bytes; exists: false
       Install file: D:\computto\Computta\jre\lib\ext\sunmscapi.jar; size: 32699 bytes; exists: false
       Install file: D:\computto\Computta\jre\lib\ext\sunpkcs11.jar; size: 251327 bytes; exists: false
       Install file: D:\computto\Computta\jre\lib\ext\zipfs.jar; size: 67458 bytes; exists: false
       File options set to: [fileTime: Thu Oct 19 19:37:35 CST 2017, mode: 644, overwriteMode: Always ask except for update, shared: false, uninstallMode: If created, but not for update, delayIfNecessary: false]
       Install file: D:\computto\Computta\jre\lib\flavormap.properties; size: 3928 bytes; exists: false
       File options set to: [fileTime: Thu Oct 19 19:37:10 CST 2017, mode: 644, overwriteMode: Always ask except for update, shared: false, uninstallMode: If created, but not for update, delayIfNecessary: false]
       Install file: D:\computto\Computta\jre\lib\fontconfig.bfc; size: 3770 bytes; exists: false
       Install file: D:\computto\Computta\jre\lib\fontconfig.properties.src; size: 10568 bytes; exists: false
       Install file: D:\computto\Computta\jre\lib\fonts\LucidaBrightDemiBold.ttf; size: 75144 bytes; exists: false
       Install file: D:\computto\Computta\jre\lib\fonts\LucidaBrightDemiItalic.ttf; size: 75124 bytes; exists: false
       Install file: D:\computto\Computta\jre\lib\fonts\LucidaBrightItalic.ttf; size: 80856 bytes; exists: false
       Install file: D:\computto\Computta\jre\lib\fonts\LucidaBrightRegular.ttf; size: 344908 bytes; exists: false
       File options set to: [fileTime: Thu Oct 19 19:37:11 CST 2017, mode: 644, overwriteMode: Always ask except for update, shared: false, uninstallMode: If created, but not for update, delayIfNecessary: false]
       Install file: D:\computto\Computta\jre\lib\fonts\LucidaSansDemiBold.ttf; size: 317896 bytes; exists: false
       Install file: D:\computto\Computta\jre\lib\fonts\LucidaSansRegular.ttf; size: 698236 bytes; exists: false
       Install file: D:\computto\Computta\jre\lib\fonts\LucidaTypewriterBold.ttf; size: 234068 bytes; exists: false
       Install file: D:\computto\Computta\jre\lib\fonts\LucidaTypewriterRegular.ttf; size: 242700 bytes; exists: false
       Install file: D:\computto\Computta\jre\lib\hijrah-config-umalqura.properties; size: 13962 bytes; exists: false
       Install file: D:\computto\Computta\jre\lib\images\cursors\cursors.properties; size: 1280 bytes; exists: false
       Install file: D:\computto\Computta\jre\lib\images\cursors\invalid32x32.gif; size: 153 bytes; exists: false
       Install file: D:\computto\Computta\jre\lib\images\cursors\win32_CopyDrop32x32.gif; size: 165 bytes; exists: false
       Install file: D:\computto\Computta\jre\lib\images\cursors\win32_CopyNoDrop32x32.gif; size: 153 bytes; exists: false
       Install file: D:\computto\Computta\jre\lib\images\cursors\win32_LinkDrop32x32.gif; size: 168 bytes; exists: false
       Install file: D:\computto\Computta\jre\lib\images\cursors\win32_LinkNoDrop32x32.gif; size: 153 bytes; exists: false
       Install file: D:\computto\Computta\jre\lib\images\cursors\win32_MoveDrop32x32.gif; size: 147 bytes; exists: false
       Install file: D:\computto\Computta\jre\lib\images\cursors\win32_MoveNoDrop32x32.gif; size: 153 bytes; exists: false
       Install file: D:\computto\Computta\jre\lib\javafx.properties; size: 56 bytes; exists: false
       Install file: D:\computto\Computta\jre\lib\jce.jar; size: 116446 bytes; exists: false
       Install file: D:\computto\Computta\jre\lib\jfr\default.jfc; size: 20109 bytes; exists: false
       File options set to: [fileTime: Thu Oct 19 19:37:12 CST 2017, mode: 644, overwriteMode: Always ask except for update, shared: false, uninstallMode: If created, but not for update, delayIfNecessary: false]
       Install file: D:\computto\Computta\jre\lib\jfr\profile.jfc; size: 20065 bytes; exists: false
       Install file: D:\computto\Computta\jre\lib\jfr.jar; size: 558771 bytes; exists: false
       File options set to: [fileTime: Thu Oct 19 19:37:19 CST 2017, mode: 644, overwriteMode: Always ask except for update, shared: false, uninstallMode: If created, but not for update, delayIfNecessary: false]
       Install file: D:\computto\Computta\jre\lib\jfxswt.jar; size: 33471 bytes; exists: false
       File options set to: [fileTime: Thu Oct 19 19:37:20 CST 2017, mode: 644, overwriteMode: Always ask except for update, shared: false, uninstallMode: If created, but not for update, delayIfNecessary: false]
       Install file: D:\computto\Computta\jre\lib\jsse.jar; size: 584576 bytes; exists: false
       File options set to: [fileTime: Thu Oct 19 19:37:21 CST 2017, mode: 644, overwriteMode: Always ask except for update, shared: false, uninstallMode: If created, but not for update, delayIfNecessary: false]
       Install file: D:\computto\Computta\jre\lib\jvm.hprof.txt; size: 4226 bytes; exists: false
       File options set to: [fileTime: Thu Oct 19 19:37:12 CST 2017, mode: 644, overwriteMode: Always ask except for update, shared: false, uninstallMode: If created, but not for update, delayIfNecessary: false]
       Install file: D:\computto\Computta\jre\lib\logging.properties; size: 2455 bytes; exists: false
       Install file: D:\computto\Computta\jre\lib\management\jmxremote.access; size: 3998 bytes; exists: false
       Install file: D:\computto\Computta\jre\lib\management\jmxremote.password.template; size: 2856 bytes; exists: false
       Install file: D:\computto\Computta\jre\lib\management\management.properties; size: 14630 bytes; exists: false
       Install file: D:\computto\Computta\jre\lib\management\snmp.acl.template; size: 3376 bytes; exists: false
       Install file: D:\computto\Computta\jre\lib\management-agent.jar; size: 370 bytes; exists: false
       File options set to: [fileTime: Thu Oct 19 19:37:21 CST 2017, mode: 644, overwriteMode: Always ask except for update, shared: false, uninstallMode: If created, but not for update, delayIfNecessary: false]
       Install file: D:\computto\Computta\jre\lib\meta-index; size: 2126 bytes; exists: false
       File options set to: [fileTime: Thu Oct 19 19:37:12 CST 2017, mode: 644, overwriteMode: Always ask except for update, shared: false, uninstallMode: If created, but not for update, delayIfNecessary: false]
       Install file: D:\computto\Computta\jre\lib\net.properties; size: 4464 bytes; exists: false
       Install file: D:\computto\Computta\jre\lib\plugin.jar; size: 1923211 bytes; exists: false
       File options set to: [fileTime: Thu Oct 19 19:37:21 CST 2017, mode: 644, overwriteMode: Always ask except for update, shared: false, uninstallMode: If created, but not for update, delayIfNecessary: false]
       Install file: D:\computto\Computta\jre\lib\psfont.properties.ja; size: 2796 bytes; exists: false
       File options set to: [fileTime: Thu Oct 19 19:37:12 CST 2017, mode: 644, overwriteMode: Always ask except for update, shared: false, uninstallMode: If created, but not for update, delayIfNecessary: false]
       Install file: D:\computto\Computta\jre\lib\psfontj2d.properties; size: 10393 bytes; exists: false
       Install file: D:\computto\Computta\jre\lib\resources.jar; size: 3492580 bytes; exists: false
       File options set to: [fileTime: Thu Oct 19 19:37:21 CST 2017, mode: 644, overwriteMode: Always ask except for update, shared: false, uninstallMode: If created, but not for update, delayIfNecessary: false]
       Install file: D:\computto\Computta\jre\lib\rt.jar; size: 54560347 bytes; exists: false
       File options set to: [fileTime: Thu Oct 19 19:37:25 CST 2017, mode: 644, overwriteMode: Always ask except for update, shared: false, uninstallMode: If created, but not for update, delayIfNecessary: false]
       Install file: D:\computto\Computta\jre\lib\security\blacklist; size: 4054 bytes; exists: false
       File options set to: [fileTime: Thu Oct 19 19:37:13 CST 2017, mode: 644, overwriteMode: Always ask except for update, shared: false, uninstallMode: If created, but not for update, delayIfNecessary: false]
       Install file: D:\computto\Computta\jre\lib\security\blacklisted.certs; size: 1253 bytes; exists: false
       Install file: D:\computto\Computta\jre\lib\security\cacerts; size: 114923 bytes; exists: false
       Install file: D:\computto\Computta\jre\lib\security\java.policy; size: 2466 bytes; exists: false
       Install file: D:\computto\Computta\jre\lib\security\java.security; size: 36524 bytes; exists: false
       Install file: D:\computto\Computta\jre\lib\security\javaws.policy; size: 98 bytes; exists: false
       Install file: D:\computto\Computta\jre\lib\security\local_policy.jar; size: 3527 bytes; exists: false
       Install file: D:\computto\Computta\jre\lib\security\trusted.libraries; size: 0 bytes; exists: false
       Install file: D:\computto\Computta\jre\lib\security\US_export_policy.jar; size: 3026 bytes; exists: false
       Install file: D:\computto\Computta\jre\lib\sound.properties; size: 1210 bytes; exists: false
       Install file: D:\computto\Computta\jre\lib\tzdb.dat; size: 105500 bytes; exists: false
       Install file: D:\computto\Computta\jre\lib\tzmappings; size: 8400 bytes; exists: false
       Install file: D:\computto\Computta\jre\LICENSE; size: 40 bytes; exists: false
       Install file: D:\computto\Computta\jre\README.txt; size: 46 bytes; exists: false
       File options set to: [fileTime: Thu Oct 19 19:37:14 CST 2017, mode: 644, overwriteMode: Always ask except for update, shared: false, uninstallMode: If created, but not for update, delayIfNecessary: false]
       Install file: D:\computto\Computta\jre\release; size: 528 bytes; exists: false
       Install file: D:\computto\Computta\jre\THIRDPARTYLICENSEREADME-JAVAFX.txt; size: 63933 bytes; exists: false
       Install file: D:\computto\Computta\jre\THIRDPARTYLICENSEREADME.txt; size: 145180 bytes; exists: false
       Install file: D:\computto\Computta\jre\Welcome.html; size: 955 bytes; exists: false
       Install file: D:\computto\Computta\.install4j\Starter.exe; size: 266728 bytes; exists: false
       File options set to: [fileTime: Thu Oct 05 19:52:30 CST 2017, mode: 755, overwriteMode: If newer otherwise ask, shared: false, uninstallMode: If created, delayIfNecessary: false]
       Install file: D:\computto\Computta\.install4j\i4jdel.exe; size: 91120 bytes; exists: false
       File options set to: [fileTime: Thu Oct 05 19:52:30 CST 2017, mode: 644, overwriteMode: Always ask except for update, shared: false, uninstallMode: If created, delayIfNecessary: false]
       Install file: D:\computto\Computta\.install4j\i4jinst.dll; size: 160256 bytes; exists: false
       Install file: D:\computto\Computta\uninstall.exe; size: 301544 bytes; exists: false
       File options set to: [fileTime: Thu Oct 05 19:52:30 CST 2017, mode: 700, overwriteMode: If newer otherwise ask, shared: false, uninstallMode: If created, delayIfNecessary: false]
       Install file: D:\computto\Computta\computta.exe; size: 301032 bytes; exists: false
       File options set to: [fileTime: Thu Oct 05 19:52:30 CST 2017, mode: 755, overwriteMode: If newer otherwise ask, shared: false, uninstallMode: If created, delayIfNecessary: false]
       Install file: D:\computto\Computta\computta.vmoptions; size: 69 bytes; exists: false
       File options set to: [fileTime: Thu Oct 05 19:52:30 CST 2017, mode: 644, overwriteMode: Always, shared: false, uninstallMode: If created, but not for update, delayIfNecessary: false]
       Install file: D:\computto\Computta\yuan-client-all.jar; size: 29357211 bytes; exists: false
       File options set to: [fileTime: Thu Oct 05 19:52:30 CST 2017, mode: 644, overwriteMode: Always ask except for update, shared: false, uninstallMode: If created, delayIfNecessary: false]
       Install file: D:\computto\Computta\.install4j\inst_jre.cfg; size: 67 bytes; exists: false
       File options set to: [fileTime: Thu Oct 19 19:40:09 CST 2017, mode: 644, overwriteMode: Always, shared: false, uninstallMode: If created, delayIfNecessary: false]
       Install file: D:\computto\Computta\.install4j\pref_jre.cfg; size: 26 bytes; exists: false
       File options set to: [fileTime: Thu Oct 19 19:40:09 CST 2017, mode: 644, overwriteMode: Always, shared: false, uninstallMode: If created, delayIfNecessary: false]
       Install file: D:\computto\Computta\.install4j\i4jruntime.jar; size: 2266869 bytes; exists: false
       File options set to: [fileTime: Thu Oct 19 19:40:09 CST 2017, mode: 644, overwriteMode: Always, shared: false, uninstallMode: Always, delayIfNecessary: false]
       Install file: D:\computto\Computta\.install4j\MessagesDefault; size: 33668 bytes; exists: false
       Install file: D:\computto\Computta\.install4j\i4jparams.conf; size: 63210 bytes; exists: false
       Install file: D:\computto\Computta\.install4j\stats.properties; size: 390 bytes; exists: false
       Install file: D:\computto\Computta\.install4j\user.jar; size: 12455 bytes; exists: false
       Install file: D:\computto\Computta\.install4j\i4j_extf_0_6lqrnq.utf8; size: 33668 bytes; exists: false
       Install file: D:\computto\Computta\.install4j\i4j_extf_10_6lqrnq_15y6403.png; size: 2243 bytes; exists: false
       Install file: D:\computto\Computta\.install4j\i4j_extf_11_6lqrnq_be3o7l.png; size: 2935 bytes; exists: false
       Install file: D:\computto\Computta\.install4j\i4j_extf_12_6lqrnq_18gg8kx.png; size: 9202 bytes; exists: false
       Install file: D:\computto\Computta\.install4j\i4j_extf_12_6lqrnq_18gg8kx@2x.png; size: 15419 bytes; exists: false
       Install file: D:\computto\Computta\.install4j\i4j_extf_1_6lqrnq.utf8; size: 33545 bytes; exists: false
       Install file: D:\computto\Computta\.install4j\i4j_extf_2_6lqrnq.utf8; size: 28346 bytes; exists: false
       Install file: D:\computto\Computta\.install4j\i4j_extf_3_6lqrnq.utf8; size: 28355 bytes; exists: false
       Install file: D:\computto\Computta\.install4j\i4j_extf_4_6lqrnq.utf8; size: 27656 bytes; exists: false
       Install file: D:\computto\Computta\.install4j\i4j_extf_5_6lqrnq.utf8; size: 27662 bytes; exists: false
       Install file: D:\computto\Computta\.install4j\i4j_extf_6_6lqrnq.utf8; size: 53098 bytes; exists: false
       Install file: D:\computto\Computta\.install4j\i4j_extf_7_6lqrnq.utf8; size: 53113 bytes; exists: false
       Install file: D:\computto\Computta\.install4j\i4j_extf_8_6lqrnq_jwj7wt.png; size: 434 bytes; exists: false
       Install file: D:\computto\Computta\.install4j\i4j_extf_9_6lqrnq_zug63n.png; size: 853 bytes; exists: false
       Install file: D:\computto\Computta\.install4j\installer.ico; size: 145734 bytes; exists: false
       Execute action successful after 41268 ms
[INFO] com.install4j.runtime.beans.actions.desktop.CreateProgramGroupAction [ID 10]: Execute action
       Property categories: Application
       Property linkDirectory: 
       Property programGroupEntryConfigs: []
       Property programGroupName: Computta
       Property uninstallerMenuName: Computta –∂‘ÿ≥Ã–Ú
       Property addDefaultLauncherLinks: true
       Property addUninstaller: true
       Property allUsers: true
       Property failForSymlinksNotCreated: false
       Property rollbackSupported: true
       Property unixMenuEntries: true
       Property unixSymlinks: true
       Variable changed: sys.symlinkDir=/usr/local/bin[class java.lang.String]
       Install file: C:\ProgramData\Microsoft\Windows\Start Menu\Programs\Computta\computta.lnk; size: 725 bytes; exists: false
       File options set to: [fileTime: Thu Oct 19 19:40:16 CST 2017, mode: 644, overwriteMode: Always, shared: false, uninstallMode: Always, delayIfNecessary: false]
       Install file: C:\ProgramData\Microsoft\Windows\Start Menu\Programs\Computta\Computta –∂‘ÿ≥Ã–Ú.lnk; size: 730 bytes; exists: false
       File options set to: [fileTime: Thu Oct 19 19:40:17 CST 2017, mode: 644, overwriteMode: Always, shared: false, uninstallMode: Always, delayIfNecessary: false]
       Execute action successful after 2149 ms
[INFO] com.install4j.runtime.beans.actions.desktop.RegisterAddRemoveAction [ID 11]: Execute action
       Property icon: null
       Property iconSource: Installer icon
       Property itemName: Computta 0.74
       Property persistentProperties: {}
       Property rollbackSupported: true
       Execute action successful after 58 ms
[INFO] com.install4j.runtime.beans.actions.control.RunScriptAction [ID 198]: Execute action
       Property rollbackScript: null
       Property script: com.install4j.script.I4jScript_Internal_22
       Property rollbackSupported: false
       Execute action successful after 3 ms
[INFO] com.install4j.runtime.beans.actions.text.ReplaceInstallerVariablesAction [ID 242]: Execute action
       Property encoding: null
       Property files: [computta.vmoptions]
       Property escapeForPropertyFile: false
       Property failIfNoReplacement: false
       Property ignoreMissing: true
       Property rollbackSupported: true
       Backing up D:\computto\Computta\computta.vmoptions
       Execute action successful after 13 ms
[INFO] com.install4j.runtime.beans.actions.files.DeleteFileAction [ID 587]: Execute action
       Property directoryFilter: null
       Property fileFilter: null
       Property files: [C:\Users\Administrator\.computta\updates]
       Property filesRoot: null
       Property backupForRollback: true
       Property recursive: true
       Property rollbackSupported: true
       Property showFileNames: true
       Property showProgress: false
       The file "C:\Users\Administrator\.computta\updates" does not exist
       Execute action successful after 2 ms
[INFO] com.install4j.runtime.beans.screens.InstallationScreen [ID 8]: Rollback barrier reached
       command: move 1 screens, executing actions, checking condition
[INFO] com.install4j.runtime.beans.screens.FinishedScreen [ID 12]: Show screen
       Variable changed: executeLauncherAction=true[class java.lang.Boolean]
[INFO] com.install4j.runtime.beans.actions.finish.ExecuteLauncherAction [ID 71]: Execute action
       Property arguments: null
       Property launcherId: 24
       Property rollbackSupported: false
       execute using batch file
       Execute action successful after 2301 ms
[INFO] com.install4j.runtime.beans.actions.misc.RunExecutableAction [ID 544]: Execute action
       Property arguments: [/Create, /TN, ComputtaAutoStart, /SC, ONLOGON, /TR, """"D:\computto\Computta\computta.exe""" --minimized=true", /F, /RL, HIGHEST]
       Property environmentVariables: {}
       Property executable: C:\Windows\system32\schtasks.exe
       Property returnCodeVariable: 
       Property rollbackArguments: [/Delete, /TN, ComputtaAutoStart]
       Property rollbackExecutable: C:\Windows\system32\schtasks.exe
       Property rollbackWorkingDirectory: .
       Property stderrFile: null
       Property stderrRedirectionMode: To log file
       Property stderrVariableName: 
       Property stdinFile: null
       Property stdinRedirectionMode: No redirection
       Property stdinString: 
       Property stdoutFile: null
       Property stdoutRedirectionMode: To log file
       Property stdoutVariableName: 
       Property timeout: 5
       Property workingDirectory: .
       Property failOnStderrFileError: false
       Property failOnStdinFileError: false
       Property failOnStdoutFileError: false
       Property includeParentEnvironmentVariables: true
       Property keepConsoleWindow: false
       Property logArguments: true
       Property rollbackSupported: false
       Property showWindowsConsole: false
       Property useRollbackExecutable: false
       Property wait: true
       Property waitForStreams: true
       used working dir: D:\computto\Computta\.
       execute using batch file
[INFO] com.install4j.runtime.installer.helper.launching.LaunchHelper: stderr output was empty
       stdout output was empty
       return value is -10000
[ERROR] com.install4j.runtime.beans.actions.misc.RunExecutableAction [ID 544]: return value is -10000
        Execute action not successful after 7552 ms
[INFO] com.install4j.runtime.beans.screens.FinishedScreen [ID 12]: command: finish
       cleaning up
       Finished
